<?xml version="1.0" encoding="UTF-8"?>
<testsuite name="com.musicstore.bluevelvet.CategoryServiceTest" tests="2" skipped="0" failures="0" errors="0" timestamp="2025-12-08T03:00:07" hostname="LULUDESKTOP" time="1.088">
  <properties/>
  <testcase name="Deve retornar uma categoria e a sua lista de filhos" classname="com.musicstore.bluevelvet.CategoryServiceTest" time="1.072"/>
  <testcase name="Deve retornar a hierarquia formatada em String" classname="com.musicstore.bluevelvet.CategoryServiceTest" time="0.008"/>
  <system-out><![CDATA[Resultado do teste:
Raiz
--Filho
----Neto

]]></system-out>
  <system-err><![CDATA[WARNING: A Java agent has been loaded dynamically (C:\Users\lulut\.gradle\caches\modules-2\files-2.1\net.bytebuddy\byte-buddy-agent\1.14.19\154da3a65b4f4a909d3e5bdec55d1b2b4cbb6ce1\byte-buddy-agent-1.14.19.jar)
WARNING: If a serviceability tool is in use, please run with -XX:+EnableDynamicAgentLoading to hide this warning
WARNING: If a serviceability tool is not in use, please run with -Djdk.instrument.traceUsage for more information
WARNING: Dynamic loading of agents will be disallowed by default in a future release
]]></system-err>
</testsuite>
