<?xml version="1.0" encoding="UTF-8"?>
<testsuite name="com.musicstore.bluevelvet.BluevelvetApplicationTests" tests="1" skipped="0" failures="0" errors="0" timestamp="2025-12-08T14:06:36" hostname="VINIPC" time="0.833">
  <properties/>
  <testcase name="contextLoads()" classname="com.musicstore.bluevelvet.BluevelvetApplicationTests" time="0.833"/>
  <system-out><![CDATA[11:06:26.763 [Test worker] INFO org.springframework.test.context.support.AnnotationConfigContextLoaderUtils -- Could not detect default configuration classes for test class [com.musicstore.bluevelvet.BluevelvetApplicationTests]: BluevelvetApplicationTests does not declare any static, non-private, non-final, nested classes annotated with @Configuration.
11:06:26.851 [Test worker] INFO org.springframework.boot.test.context.SpringBootTestContextBootstrapper -- Found @SpringBootConfiguration com.musicstore.bluevelvet.BluevelvetApplication for test class com.musicstore.bluevelvet.BluevelvetApplicationTests

  .   ____          _            __ _ _
 /\\ / ___'_ __ _ _(_)_ __  __ _ \ \ \ \
( ( )\___ | '_ | '_| | '_ \/ _` | \ \ \ \
 \\/  ___)| |_)| | | | | || (_| |  ) ) ) )
  '  |____| .__|_| |_|_| |_\__, | / / / /
 =========|_|==============|___/=/_/_/_/

 :: Spring Boot ::                (v3.3.5)

2025-12-08T11:06:27.208-03:00  INFO 26828 --- [    Test worker] c.m.b.BluevelvetApplicationTests         : Starting BluevelvetApplicationTests using Java 21.0.6 with PID 26828 (started by vinic in C:\Users\vinic\Documents\bluevelvet-music-store-raissa\bluevelvet-music-store-raissa2\bluevelvet-music-store-raissa)
2025-12-08T11:06:27.209-03:00  INFO 26828 --- [    Test worker] c.m.b.BluevelvetApplicationTests         : No active profile set, falling back to 1 default profile: "default"
2025-12-08T11:06:27.739-03:00  INFO 26828 --- [    Test worker] .s.d.r.c.RepositoryConfigurationDelegate : Bootstrapping Spring Data JPA repositories in DEFAULT mode.
2025-12-08T11:06:27.781-03:00  INFO 26828 --- [    Test worker] .s.d.r.c.RepositoryConfigurationDelegate : Finished Spring Data repository scanning in 37 ms. Found 4 JPA repository interfaces.
2025-12-08T11:06:28.460-03:00  INFO 26828 --- [    Test worker] o.hibernate.jpa.internal.util.LogHelper  : HHH000204: Processing PersistenceUnitInfo [name: default]
2025-12-08T11:06:28.516-03:00  INFO 26828 --- [    Test worker] org.hibernate.Version                    : HHH000412: Hibernate ORM core version 6.5.3.Final
2025-12-08T11:06:28.558-03:00  INFO 26828 --- [    Test worker] o.h.c.internal.RegionFactoryInitiator    : HHH000026: Second-level cache disabled
2025-12-08T11:06:28.817-03:00  INFO 26828 --- [    Test worker] o.s.o.j.p.SpringPersistenceUnitInfo      : No LoadTimeWeaver setup: ignoring JPA class transformer
2025-12-08T11:06:28.839-03:00  INFO 26828 --- [    Test worker] com.zaxxer.hikari.HikariDataSource       : HikariPool-1 - Starting...
2025-12-08T11:06:28.958-03:00  INFO 26828 --- [    Test worker] com.zaxxer.hikari.pool.HikariPool        : HikariPool-1 - Added connection com.mysql.cj.jdbc.ConnectionImpl@2548fc01
2025-12-08T11:06:28.960-03:00  INFO 26828 --- [    Test worker] com.zaxxer.hikari.HikariDataSource       : HikariPool-1 - Start completed.
2025-12-08T11:06:28.977-03:00  WARN 26828 --- [    Test worker] org.hibernate.orm.deprecation            : HHH90000025: MySQL8Dialect does not need to be specified explicitly using 'hibernate.dialect' (remove the property setting and it will be selected by default)
2025-12-08T11:06:28.978-03:00  WARN 26828 --- [    Test worker] org.hibernate.orm.deprecation            : HHH90000026: MySQL8Dialect has been deprecated; use org.hibernate.dialect.MySQLDialect instead
2025-12-08T11:06:31.666-03:00  INFO 26828 --- [    Test worker] o.h.e.t.j.p.i.JtaPlatformInitiator       : HHH000489: No JTA platform available (set 'hibernate.transaction.jta.platform' to enable JTA platform integration)
2025-12-08T11:06:31.942-03:00  INFO 26828 --- [    Test worker] j.LocalContainerEntityManagerFactoryBean : Initialized JPA EntityManagerFactory for persistence unit 'default'
2025-12-08T11:06:32.595-03:00  INFO 26828 --- [    Test worker] o.s.d.j.r.query.QueryEnhancerFactory     : Hibernate is in classpath; If applicable, HQL parser will be used.
2025-12-08T11:06:34.270-03:00  WARN 26828 --- [    Test worker] JpaBaseConfiguration$JpaWebConfiguration : spring.jpa.open-in-view is enabled by default. Therefore, database queries may be performed during view rendering. Explicitly configure spring.jpa.open-in-view to disable this warning
2025-12-08T11:06:34.315-03:00  WARN 26828 --- [    Test worker] .s.s.UserDetailsServiceAutoConfiguration : 

Using generated security password: e38c0ebe-4eae-4638-a28c-fe2c9a89b480

This generated password is for development use only. Your security configuration must be updated before running your application in production.

2025-12-08T11:06:34.392-03:00  INFO 26828 --- [    Test worker] r$InitializeUserDetailsManagerConfigurer : Global AuthenticationManager configured with UserDetailsService bean with name inMemoryUserDetailsManager
2025-12-08T11:06:34.600-03:00  INFO 26828 --- [    Test worker] o.s.b.a.w.s.WelcomePageHandlerMapping    : Adding welcome page template: index
2025-12-08T11:06:35.169-03:00  WARN 26828 --- [    Test worker] o.s.s.c.a.web.builders.WebSecurity       : You are asking Spring Security to ignore Deferred [Mvc [pattern='/swagger-ui/**'], Ant [pattern='/swagger-ui/**']]. This is not recommended -- please use permitAll via HttpSecurity#authorizeHttpRequests instead.
2025-12-08T11:06:35.169-03:00  WARN 26828 --- [    Test worker] o.s.s.c.a.web.builders.WebSecurity       : You are asking Spring Security to ignore Deferred [Mvc [pattern='/v3/api-docs/**'], Ant [pattern='/v3/api-docs/**']]. This is not recommended -- please use permitAll via HttpSecurity#authorizeHttpRequests instead.
2025-12-08T11:06:35.169-03:00  WARN 26828 --- [    Test worker] o.s.s.c.a.web.builders.WebSecurity       : You are asking Spring Security to ignore Deferred [Mvc [pattern='/error'], Ant [pattern='/error']]. This is not recommended -- please use permitAll via HttpSecurity#authorizeHttpRequests instead.
2025-12-08T11:06:35.170-03:00  WARN 26828 --- [    Test worker] o.s.s.c.a.web.builders.WebSecurity       : You are asking Spring Security to ignore Deferred [Mvc [pattern='/images/**'], Ant [pattern='/images/**']]. This is not recommended -- please use permitAll via HttpSecurity#authorizeHttpRequests instead.
2025-12-08T11:06:35.170-03:00  WARN 26828 --- [    Test worker] o.s.s.c.a.web.builders.WebSecurity       : You are asking Spring Security to ignore Deferred [Mvc [pattern='/user-images/**'], Ant [pattern='/user-images/**']]. This is not recommended -- please use permitAll via HttpSecurity#authorizeHttpRequests instead.
2025-12-08T11:06:36.092-03:00  INFO 26828 --- [    Test worker] c.m.b.BluevelvetApplicationTests         : Started BluevelvetApplicationTests in 9.097 seconds (process running for 10.015)
]]></system-out>
  <system-err><![CDATA[WARNING: A Java agent has been loaded dynamically (C:\Users\vinic\.gradle\caches\modules-2\files-2.1\net.bytebuddy\byte-buddy-agent\1.14.19\154da3a65b4f4a909d3e5bdec55d1b2b4cbb6ce1\byte-buddy-agent-1.14.19.jar)
WARNING: If a serviceability tool is in use, please run with -XX:+EnableDynamicAgentLoading to hide this warning
WARNING: If a serviceability tool is not in use, please run with -Djdk.instrument.traceUsage for more information
WARNING: Dynamic loading of agents will be disallowed by default in a future release
]]></system-err>
</testsuite>
